TN:
SF:src/createFiles.js
FN:6,defaultDependencies
FN:14,executeWrites
FN:20,createFiles
FNF:3
FNH:3
FNDA:12,defaultDependencies
FNDA:6,executeWrites
FNDA:7,createFiles
DA:1,2
DA:2,2
DA:3,2
DA:4,2
DA:5,2
DA:6,2
DA:7,12
DA:8,12
DA:9,12
DA:10,12
DA:11,12
DA:12,12
DA:13,12
DA:14,6
DA:15,6
DA:16,6
DA:17,6
DA:18,6
DA:19,6
DA:20,2
DA:21,7
DA:22,7
DA:23,7
DA:24,13
DA:25,13
DA:26,12
DA:27,12
DA:28,12
DA:29,12
DA:30,12
DA:31,12
DA:32,12
DA:33,12
DA:34,12
DA:35,12
DA:36,6
DA:37,6
DA:38,7
LF:38
LH:38
BRDA:1,0,0,2
BRDA:6,1,0,12
BRDA:14,2,0,6
BRDA:17,3,0,12
BRDA:20,4,0,7
BRDA:23,5,0,13
BRDA:25,6,0,1
BRDA:26,7,0,12
BRDA:36,8,0,6
BRDA:24,9,0,23
BRF:10
BRH:10
end_of_record
TN:
SF:src/createLayers.js
FN:3,createLayersIfNotExists
FNF:1
FNH:1
FNDA:5,createLayersIfNotExists
DA:1,3
DA:2,3
DA:3,3
DA:4,5
DA:5,5
DA:6,5
DA:7,5
DA:8,5
DA:9,5
LF:9
LH:9
BRDA:1,0,0,3
BRDA:3,1,0,5
BRDA:5,2,0,15
BRDA:7,3,0,12
BRF:4
BRH:4
end_of_record
TN:
SF:src/util.js
FN:3,#transform
FN:8,uppercaseFirstLetter
FN:12,lowercaseFirstLetter
FNF:3
FNH:3
FNDA:50,#transform
FNDA:23,uppercaseFirstLetter
FNDA:27,lowercaseFirstLetter
DA:1,4
DA:2,4
DA:3,4
DA:4,50
DA:5,50
DA:6,50
DA:7,50
DA:8,4
DA:9,23
DA:10,23
DA:11,4
DA:12,4
DA:13,27
DA:14,27
DA:15,4
LF:15
LH:15
BRDA:1,0,0,4
BRDA:3,1,0,50
BRDA:4,2,0,48
BRDA:4,3,0,5
BRDA:5,4,0,45
BRDA:5,5,0,23
BRDA:5,6,0,22
BRDA:8,7,0,23
BRDA:12,8,0,27
BRF:9
BRH:9
end_of_record
TN:
SF:src/templates/factoryTemplate.js
FN:22,factoryTemplate
FNF:1
FNH:1
FNDA:2,factoryTemplate
DA:1,3
DA:2,3
DA:3,3
DA:4,3
DA:5,3
DA:6,3
DA:7,3
DA:8,3
DA:9,3
DA:10,3
DA:11,3
DA:12,3
DA:13,3
DA:14,3
DA:15,3
DA:16,3
DA:17,3
DA:18,3
DA:19,3
DA:20,3
DA:21,3
DA:22,3
DA:23,2
DA:24,2
DA:25,2
DA:26,2
DA:27,2
DA:28,2
DA:29,2
DA:30,2
DA:31,2
DA:32,2
DA:33,2
DA:34,2
DA:35,2
DA:36,2
DA:37,2
LF:37
LH:37
BRDA:1,0,0,3
BRDA:22,1,0,2
BRF:2
BRH:2
end_of_record
TN:
SF:src/templates/index.js
FNF:0
FNH:0
DA:1,3
DA:2,3
DA:3,3
DA:4,3
DA:5,3
DA:6,3
DA:7,3
DA:8,3
DA:9,3
LF:9
LH:9
BRDA:1,0,0,3
BRF:1
BRH:1
end_of_record
TN:
SF:src/templates/repositoryTemplace.js
FN:25,repositoryTemplate
FNF:1
FNH:1
FNDA:6,repositoryTemplate
DA:1,3
DA:2,3
DA:3,3
DA:4,3
DA:5,3
DA:6,3
DA:7,3
DA:8,3
DA:9,3
DA:10,3
DA:11,3
DA:12,3
DA:13,3
DA:14,3
DA:15,3
DA:16,3
DA:17,3
DA:18,3
DA:19,3
DA:20,3
DA:21,3
DA:22,3
DA:23,3
DA:24,3
DA:25,3
DA:26,6
DA:27,6
DA:28,6
DA:29,6
DA:30,6
LF:30
LH:30
BRDA:1,0,0,3
BRDA:25,1,0,6
BRF:2
BRH:2
end_of_record
TN:
SF:src/templates/serviceTemplate.js
FN:28,serviceTemplate
FNF:1
FNH:1
FNDA:4,serviceTemplate
DA:1,3
DA:2,3
DA:3,3
DA:4,3
DA:5,3
DA:6,3
DA:7,3
DA:8,3
DA:9,3
DA:10,3
DA:11,3
DA:12,3
DA:13,3
DA:14,3
DA:15,3
DA:16,3
DA:17,3
DA:18,3
DA:19,3
DA:20,3
DA:21,3
DA:22,3
DA:23,3
DA:24,3
DA:25,3
DA:26,3
DA:27,3
DA:28,3
DA:29,4
DA:30,4
DA:31,4
DA:32,4
DA:33,4
DA:34,4
DA:35,4
DA:36,4
DA:37,4
DA:38,4
LF:38
LH:38
BRDA:1,0,0,3
BRDA:28,1,0,4
BRF:2
BRH:2
end_of_record
